<?xml version="1.0" encoding="UTF-8"?>
<messageStore name="test-store" class="org.apache.synapse.message.store.impl.memory.InMemoryStore" xmlns="http://ws.apache.org/ns/synapse">
</messageStore>